<?xml version="1.0" encoding="UTF-8"?>
<testsuite name="com.packtpublishing.tddjava.ch03tictactoe.TicTacToeSpec" tests="2" skipped="0" failures="0" errors="0" timestamp="2017-02-08T12:36:28" hostname="DESKTOP-SOQ5VLQ" time="0.047">
  <properties/>
  <testcase name="shouldReturnHelloMessage" classname="com.packtpublishing.tddjava.ch03tictactoe.TicTacToeSpec" time="0.046"/>
  <testcase name="shouldReturnEnything" classname="com.packtpublishing.tddjava.ch03tictactoe.TicTacToeSpec" time="0.0"/>
  <system-out><![CDATA[hello
hello
hello]]></system-out>
  <system-err><![CDATA[]]></system-err>
</testsuite>
